<?xml version="1.0" encoding="UTF-8"?>
<testsuite xmlns:xsi="http://www.w3.org/2001/XMLSchema-instance" xsi:noNamespaceSchemaLocation="https://maven.apache.org/surefire/maven-surefire-plugin/xsd/surefire-test-report-3.0.xsd" version="3.0" name="br.com.rd.placeservice.PlaceServiceApplicationTests" time="15.319" tests="5" errors="0" skipped="0" failures="0">
  <properties>
[...]
</properties>
  <testcase name="testGetAllPlaceSuccess" classname="br.com.rd.placeservice.PlaceServiceApplicationTests" time="3.495">
    <system-out><![CDATA[13:55:36.173 [main] INFO org.springframework.test.context.support.AnnotationConfigContextLoaderUtils -- Could not detect default configuration classes for test class [br.com.rd.placeservice.PlaceServiceApplicationTests]: PlaceServiceApplicationTests does not declare any static, non-private, non-final, nested classes annotated with @Configuration.
13:55:36.557 [main] INFO org.springframework.boot.test.context.SpringBootTestContextBootstrapper -- Found @SpringBootConfiguration br.com.rd.placeservice.PlaceServiceApplication for test class br.com.rd.placeservice.PlaceServiceApplicationTests

  .   ____          _            __ _ _
 /\\ / ___'_ __ _ _(_)_ __  __ _ \ \ \ \
( ( )\___ | '_ | '_| | '_ \/ _` | \ \ \ \
 \\/  ___)| |_)| | | | | || (_| |  ) ) ) )
  '  |____| .__|_| |_|_| |_\__, | / / / /
 =========|_|==============|___/=/_/_/_/
 :: Spring Boot ::                (v3.1.2)

2023-07-31T13:55:37.928-04:00  INFO 3012 --- [           main] b.c.r.p.PlaceServiceApplicationTests     : Starting PlaceServiceApplicationTests using Java 17.0.7 with PID 3012 (started by rogendouglas in /Volumes/macbook_hd/workspace/place-service)
2023-07-31T13:55:37.935-04:00  INFO 3012 --- [           main] b.c.r.p.PlaceServiceApplicationTests     : No active profile set, falling back to 1 default profile: "default"
2023-07-31T13:55:40.566-04:00  INFO 3012 --- [           main] .s.d.r.c.RepositoryConfigurationDelegate : Bootstrapping Spring Data R2DBC repositories in DEFAULT mode.
2023-07-31T13:55:40.999-04:00  INFO 3012 --- [           main] .s.d.r.c.RepositoryConfigurationDelegate : Finished Spring Data repository scanning in 415 ms. Found 1 R2DBC repository interfaces.
2023-07-31T13:55:46.227-04:00  INFO 3012 --- [           main] o.s.b.web.embedded.netty.NettyWebServer  : Netty started on port 50770
2023-07-31T13:55:46.253-04:00  INFO 3012 --- [           main] b.c.r.p.PlaceServiceApplicationTests     : Started PlaceServiceApplicationTests in 9.236 seconds (process running for 13.385)
]]></system-out>
  </testcase>
  <testcase name="testDeleteByIdPlaceSuccess" classname="br.com.rd.placeservice.PlaceServiceApplicationTests" time="0.182"/>
  <testcase name="testGetByIdPlaceSuccess" classname="br.com.rd.placeservice.PlaceServiceApplicationTests" time="0.449"/>
  <testcase name="testCreatePlaceSuccess" classname="br.com.rd.placeservice.PlaceServiceApplicationTests" time="0.197"/>
  <testcase name="testUpdatePlaceSuccess" classname="br.com.rd.placeservice.PlaceServiceApplicationTests" time="0.066"/>
</testsuite>